2024-03-15 18:06:40 DEBUG TelegramBot:34 - ыпывп
2024-03-15 18:10:24 DEBUG TelegramBot:34 - аываы
2024-03-15 18:17:05 DEBUG TelegramBot:36 - аыв
2024-03-15 18:17:09 DEBUG TelegramBot:36 - ывавы
2024-03-15 18:24:28 DEBUG TelegramBot:36 - ываыв
2024-03-15 18:24:37 DEBUG TelegramBot:36 - я лох
2024-03-15 18:43:10 DEBUG TelegramBot:36 - тпар
2024-03-15 19:41:56 DEBUG UpdateProducerImpl:13 - ds
2024-03-15 19:44:46 DEBUG UpdateProducerImpl:13 - fsdf
2024-03-15 19:44:55 DEBUG UpdateProducerImpl:13 - 
2024-03-15 19:45:57 DEBUG UpdateProducerImpl:13 - dfgdfg
2024-03-15 19:46:02 ERROR UpdateController:35 - Receive unsupported message type: Update(updateId=795267331, message=null, inlineQuery=null, chosenInlineQuery=null, callbackQuery=null, editedMessage=Message(messageId=42, from=User(id=882397006, firstName=qq, isBot=false, lastName=null, userName=atwborqzboueqxnk, languageCode=ru, canJoinGroups=null, canReadAllGroupMessages=null, supportInlineQueries=null, isPremium=null, addedToAttachmentMenu=null), date=1710521153, chat=Chat(id=882397006, type=private, title=null, firstName=qq, lastName=null, userName=atwborqzboueqxnk, photo=null, description=null, inviteLink=null, pinnedMessage=null, stickerSetName=null, canSetStickerSet=null, permissions=null, slowModeDelay=null, bio=null, linkedChatId=null, location=null, messageAutoDeleteTime=null, hasPrivateForwards=null, HasProtectedContent=null, joinToSendMessages=null, joinByRequest=null), forwardFrom=null, forwardFromChat=null, forwardDate=null, text=dfgdf, entities=null, captionEntities=null, audio=null, document=null, photo=null, sticker=null, video=null, contact=null, location=null, venue=null, animation=null, pinnedMessage=null, newChatMembers=[], leftChatMember=null, newChatTitle=null, newChatPhoto=null, deleteChatPhoto=null, groupchatCreated=null, replyToMessage=null, voice=null, caption=null, superGroupCreated=null, channelChatCreated=null, migrateToChatId=null, migrateFromChatId=null, editDate=1710521159, game=null, forwardFromMessageId=null, invoice=null, successfulPayment=null, videoNote=null, authorSignature=null, forwardSignature=null, mediaGroupId=null, connectedWebsite=null, passportData=null, forwardSenderName=null, poll=null, replyMarkup=null, dice=null, viaBot=null, senderChat=null, proximityAlertTriggered=null, messageAutoDeleteTimerChanged=null, isAutomaticForward=null, hasProtectedContent=null, webAppData=null, videoChatStarted=null, videoChatEnded=null, videoChatParticipantsInvited=null, videoChatScheduled=null), channelPost=null, editedChannelPost=null, shippingQuery=null, preCheckoutQuery=null, poll=null, pollAnswer=null, myChatMember=null, chatMember=null, chatJoinRequest=null)
2024-03-15 19:46:15 DEBUG UpdateProducerImpl:13 - 
2024-03-19 19:52:32 DEBUG UpdateProducerImpl:21 - holla
2024-03-19 19:56:33 DEBUG UpdateProducerImpl:21 - gdfgdf
2024-03-19 20:04:20 DEBUG UpdateProducerImpl:19 - ghfhfg
2024-03-19 20:09:42 DEBUG UpdateProducerImpl:19 - dgdf
2024-03-19 20:10:40 DEBUG UpdateProducerImpl:19 - fsdf
2024-03-19 20:14:12 DEBUG UpdateProducerImpl:19 - fsdfdswfsdf
2024-03-22 18:42:47 DEBUG UpdateProducerImpl:19 - авпвапвап
2024-03-22 18:45:08 DEBUG UpdateProducerImpl:19 - вфы
2024-03-22 20:13:29 DEBUG UpdateProducerImpl:19 - ыуаыва
2024-03-22 20:24:26 DEBUG UpdateProducerImpl:19 - аываы
2024-03-22 22:06:05 DEBUG UpdateProducerImpl:19 - fsdfs
2024-03-23 10:41:30 DEBUG UpdateProducerImpl:19 - dsd
2024-03-23 10:41:41 DEBUG UpdateProducerImpl:19 - /start
2024-03-23 10:41:44 DEBUG UpdateProducerImpl:19 - /help
2024-03-23 10:42:07 DEBUG UpdateProducerImpl:19 - /cancel
2024-03-23 10:42:18 DEBUG UpdateProducerImpl:19 - /registration
2024-03-23 10:43:54 ERROR UpdateController:40 - Receive unsupported message type: Update(updateId=795267364, message=null, inlineQuery=null, chosenInlineQuery=null, callbackQuery=null, editedMessage=null, channelPost=null, editedChannelPost=null, shippingQuery=null, preCheckoutQuery=null, poll=null, pollAnswer=null, myChatMember=ChatMemberUpdated(chat=Chat(id=882397006, type=private, title=null, firstName=qq, lastName=null, userName=atwborqzboueqxnk, photo=null, description=null, inviteLink=null, pinnedMessage=null, stickerSetName=null, canSetStickerSet=null, permissions=null, slowModeDelay=null, bio=null, linkedChatId=null, location=null, messageAutoDeleteTime=null, hasPrivateForwards=null, HasProtectedContent=null, joinToSendMessages=null, joinByRequest=null), from=User(id=882397006, firstName=qq, isBot=false, lastName=null, userName=atwborqzboueqxnk, languageCode=ru, canJoinGroups=null, canReadAllGroupMessages=null, supportInlineQueries=null, isPremium=null, addedToAttachmentMenu=null), date=1711179831, oldChatMember=ChatMemberMember(status=member, user=User(id=7190126740, firstName=botSpring, isBot=true, lastName=null, userName=qqqMaoBot, languageCode=null, canJoinGroups=null, canReadAllGroupMessages=null, supportInlineQueries=null, isPremium=null, addedToAttachmentMenu=null)), newChatMember=ChatMemberBanned(status=kicked, user=User(id=7190126740, firstName=botSpring, isBot=true, lastName=null, userName=qqqMaoBot, languageCode=null, canJoinGroups=null, canReadAllGroupMessages=null, supportInlineQueries=null, isPremium=null, addedToAttachmentMenu=null), untilDate=0), inviteLink=null), chatMember=null, chatJoinRequest=null)
2024-03-23 10:43:55 ERROR UpdateController:40 - Receive unsupported message type: Update(updateId=795267365, message=null, inlineQuery=null, chosenInlineQuery=null, callbackQuery=null, editedMessage=null, channelPost=null, editedChannelPost=null, shippingQuery=null, preCheckoutQuery=null, poll=null, pollAnswer=null, myChatMember=ChatMemberUpdated(chat=Chat(id=882397006, type=private, title=null, firstName=qq, lastName=null, userName=atwborqzboueqxnk, photo=null, description=null, inviteLink=null, pinnedMessage=null, stickerSetName=null, canSetStickerSet=null, permissions=null, slowModeDelay=null, bio=null, linkedChatId=null, location=null, messageAutoDeleteTime=null, hasPrivateForwards=null, HasProtectedContent=null, joinToSendMessages=null, joinByRequest=null), from=User(id=882397006, firstName=qq, isBot=false, lastName=null, userName=atwborqzboueqxnk, languageCode=ru, canJoinGroups=null, canReadAllGroupMessages=null, supportInlineQueries=null, isPremium=null, addedToAttachmentMenu=null), date=1711179832, oldChatMember=ChatMemberBanned(status=kicked, user=User(id=7190126740, firstName=botSpring, isBot=true, lastName=null, userName=qqqMaoBot, languageCode=null, canJoinGroups=null, canReadAllGroupMessages=null, supportInlineQueries=null, isPremium=null, addedToAttachmentMenu=null), untilDate=0), newChatMember=ChatMemberMember(status=member, user=User(id=7190126740, firstName=botSpring, isBot=true, lastName=null, userName=qqqMaoBot, languageCode=null, canJoinGroups=null, canReadAllGroupMessages=null, supportInlineQueries=null, isPremium=null, addedToAttachmentMenu=null)), inviteLink=null), chatMember=null, chatJoinRequest=null)
2024-03-23 10:43:55 DEBUG UpdateProducerImpl:19 - /start
2024-03-23 10:44:34 DEBUG UpdateProducerImpl:19 - /das
2024-03-23 10:44:36 DEBUG UpdateProducerImpl:19 - fasdf
2024-03-23 10:45:08 DEBUG UpdateProducerImpl:19 - 
2024-03-24 17:18:26 DEBUG UpdateProducerImpl:19 - аыв
2024-03-24 17:19:10 DEBUG UpdateProducerImpl:19 - 
2024-03-24 17:19:27 DEBUG UpdateProducerImpl:19 - 
2024-03-24 20:59:16 DEBUG UpdateProducerImpl:19 - аываы
2024-03-24 20:59:31 DEBUG UpdateProducerImpl:19 - 
2024-03-27 20:01:02 DEBUG UpdateProducerImpl:19 - 
2024-03-27 20:01:46 DEBUG UpdateProducerImpl:19 - 
2024-03-27 20:42:10 DEBUG UpdateProducerImpl:19 - 
2024-03-27 20:42:39 DEBUG UpdateProducerImpl:19 - 
2024-03-28 21:44:59 ERROR UpdateController:40 - Receive unsupported message type: Update(updateId=795267379, message=null, inlineQuery=null, chosenInlineQuery=null, callbackQuery=null, editedMessage=null, channelPost=null, editedChannelPost=null, shippingQuery=null, preCheckoutQuery=null, poll=null, pollAnswer=null, myChatMember=ChatMemberUpdated(chat=Chat(id=882397006, type=private, title=null, firstName=qq, lastName=null, userName=atwborqzboueqxnk, photo=null, description=null, inviteLink=null, pinnedMessage=null, stickerSetName=null, canSetStickerSet=null, permissions=null, slowModeDelay=null, bio=null, linkedChatId=null, location=null, messageAutoDeleteTime=null, hasPrivateForwards=null, HasProtectedContent=null, joinToSendMessages=null, joinByRequest=null), from=User(id=882397006, firstName=qq, isBot=false, lastName=null, userName=atwborqzboueqxnk, languageCode=ru, canJoinGroups=null, canReadAllGroupMessages=null, supportInlineQueries=null, isPremium=null, addedToAttachmentMenu=null), date=1711651499, oldChatMember=ChatMemberMember(status=member, user=User(id=7190126740, firstName=botSpring, isBot=true, lastName=null, userName=qqqMaoBot, languageCode=null, canJoinGroups=null, canReadAllGroupMessages=null, supportInlineQueries=null, isPremium=null, addedToAttachmentMenu=null)), newChatMember=ChatMemberBanned(status=kicked, user=User(id=7190126740, firstName=botSpring, isBot=true, lastName=null, userName=qqqMaoBot, languageCode=null, canJoinGroups=null, canReadAllGroupMessages=null, supportInlineQueries=null, isPremium=null, addedToAttachmentMenu=null), untilDate=0), inviteLink=null), chatMember=null, chatJoinRequest=null)
2024-03-28 21:45:00 ERROR UpdateController:40 - Receive unsupported message type: Update(updateId=795267380, message=null, inlineQuery=null, chosenInlineQuery=null, callbackQuery=null, editedMessage=null, channelPost=null, editedChannelPost=null, shippingQuery=null, preCheckoutQuery=null, poll=null, pollAnswer=null, myChatMember=ChatMemberUpdated(chat=Chat(id=882397006, type=private, title=null, firstName=qq, lastName=null, userName=atwborqzboueqxnk, photo=null, description=null, inviteLink=null, pinnedMessage=null, stickerSetName=null, canSetStickerSet=null, permissions=null, slowModeDelay=null, bio=null, linkedChatId=null, location=null, messageAutoDeleteTime=null, hasPrivateForwards=null, HasProtectedContent=null, joinToSendMessages=null, joinByRequest=null), from=User(id=882397006, firstName=qq, isBot=false, lastName=null, userName=atwborqzboueqxnk, languageCode=ru, canJoinGroups=null, canReadAllGroupMessages=null, supportInlineQueries=null, isPremium=null, addedToAttachmentMenu=null), date=1711651500, oldChatMember=ChatMemberBanned(status=kicked, user=User(id=7190126740, firstName=botSpring, isBot=true, lastName=null, userName=qqqMaoBot, languageCode=null, canJoinGroups=null, canReadAllGroupMessages=null, supportInlineQueries=null, isPremium=null, addedToAttachmentMenu=null), untilDate=0), newChatMember=ChatMemberMember(status=member, user=User(id=7190126740, firstName=botSpring, isBot=true, lastName=null, userName=qqqMaoBot, languageCode=null, canJoinGroups=null, canReadAllGroupMessages=null, supportInlineQueries=null, isPremium=null, addedToAttachmentMenu=null)), inviteLink=null), chatMember=null, chatJoinRequest=null)
2024-03-28 21:45:00 DEBUG UpdateProducerImpl:19 - /start
2024-03-28 21:45:17 DEBUG UpdateProducerImpl:19 - 
2024-03-28 21:45:40 DEBUG UpdateProducerImpl:19 - /help
2024-03-28 21:45:43 DEBUG UpdateProducerImpl:19 - /registration
2024-03-28 21:47:15 DEBUG UpdateProducerImpl:19 - howedep996@ikumaru.com
2024-03-28 21:47:27 DEBUG UpdateProducerImpl:19 - /registration
2024-03-28 21:48:09 DEBUG UpdateProducerImpl:19 - 
2024-03-28 21:53:42 ERROR UpdateController:40 - Receive unsupported message type: Update(updateId=795267388, message=null, inlineQuery=null, chosenInlineQuery=null, callbackQuery=null, editedMessage=null, channelPost=null, editedChannelPost=null, shippingQuery=null, preCheckoutQuery=null, poll=null, pollAnswer=null, myChatMember=ChatMemberUpdated(chat=Chat(id=882397006, type=private, title=null, firstName=qq, lastName=null, userName=atwborqzboueqxnk, photo=null, description=null, inviteLink=null, pinnedMessage=null, stickerSetName=null, canSetStickerSet=null, permissions=null, slowModeDelay=null, bio=null, linkedChatId=null, location=null, messageAutoDeleteTime=null, hasPrivateForwards=null, HasProtectedContent=null, joinToSendMessages=null, joinByRequest=null), from=User(id=882397006, firstName=qq, isBot=false, lastName=null, userName=atwborqzboueqxnk, languageCode=ru, canJoinGroups=null, canReadAllGroupMessages=null, supportInlineQueries=null, isPremium=null, addedToAttachmentMenu=null), date=1711652022, oldChatMember=ChatMemberMember(status=member, user=User(id=7190126740, firstName=botSpring, isBot=true, lastName=null, userName=qqqMaoBot, languageCode=null, canJoinGroups=null, canReadAllGroupMessages=null, supportInlineQueries=null, isPremium=null, addedToAttachmentMenu=null)), newChatMember=ChatMemberBanned(status=kicked, user=User(id=7190126740, firstName=botSpring, isBot=true, lastName=null, userName=qqqMaoBot, languageCode=null, canJoinGroups=null, canReadAllGroupMessages=null, supportInlineQueries=null, isPremium=null, addedToAttachmentMenu=null), untilDate=0), inviteLink=null), chatMember=null, chatJoinRequest=null)
2024-03-28 21:53:43 ERROR UpdateController:40 - Receive unsupported message type: Update(updateId=795267389, message=null, inlineQuery=null, chosenInlineQuery=null, callbackQuery=null, editedMessage=null, channelPost=null, editedChannelPost=null, shippingQuery=null, preCheckoutQuery=null, poll=null, pollAnswer=null, myChatMember=ChatMemberUpdated(chat=Chat(id=882397006, type=private, title=null, firstName=qq, lastName=null, userName=atwborqzboueqxnk, photo=null, description=null, inviteLink=null, pinnedMessage=null, stickerSetName=null, canSetStickerSet=null, permissions=null, slowModeDelay=null, bio=null, linkedChatId=null, location=null, messageAutoDeleteTime=null, hasPrivateForwards=null, HasProtectedContent=null, joinToSendMessages=null, joinByRequest=null), from=User(id=882397006, firstName=qq, isBot=false, lastName=null, userName=atwborqzboueqxnk, languageCode=ru, canJoinGroups=null, canReadAllGroupMessages=null, supportInlineQueries=null, isPremium=null, addedToAttachmentMenu=null), date=1711652023, oldChatMember=ChatMemberBanned(status=kicked, user=User(id=7190126740, firstName=botSpring, isBot=true, lastName=null, userName=qqqMaoBot, languageCode=null, canJoinGroups=null, canReadAllGroupMessages=null, supportInlineQueries=null, isPremium=null, addedToAttachmentMenu=null), untilDate=0), newChatMember=ChatMemberMember(status=member, user=User(id=7190126740, firstName=botSpring, isBot=true, lastName=null, userName=qqqMaoBot, languageCode=null, canJoinGroups=null, canReadAllGroupMessages=null, supportInlineQueries=null, isPremium=null, addedToAttachmentMenu=null)), inviteLink=null), chatMember=null, chatJoinRequest=null)
2024-03-28 21:53:43 DEBUG UpdateProducerImpl:19 - /start
2024-03-28 21:53:45 DEBUG UpdateProducerImpl:19 - /help
2024-03-28 21:53:46 DEBUG UpdateProducerImpl:19 - /registration
2024-03-28 21:53:50 DEBUG UpdateProducerImpl:19 - howedep996@ikumaru.com
2024-03-28 21:54:26 DEBUG UpdateProducerImpl:19 - 
2024-03-29 10:22:41 DEBUG UpdateProducerImpl:19 - 
2024-03-29 20:09:20 DEBUG UpdateProducerImpl:19 - 
2024-03-31 15:22:09 DEBUG UpdateProducerImpl:19 - hfg
2024-03-31 15:22:22 DEBUG UpdateProducerImpl:19 - /help
2024-03-31 15:22:28 DEBUG UpdateProducerImpl:19 - 
2024-03-31 16:38:05 DEBUG UpdateProducerImpl:21 - мвап
2024-03-31 16:38:11 DEBUG UpdateProducerImpl:21 - 
2024-03-31 16:40:04 DEBUG UpdateProducerImpl:21 - рапр
2024-03-31 16:40:09 DEBUG UpdateProducerImpl:21 - 
2024-03-31 16:41:41 DEBUG UpdateProducerImpl:21 - рапр
2024-03-31 16:41:46 DEBUG UpdateProducerImpl:21 - 
2024-03-31 16:43:44 ERROR UpdateProcessor:39 - Receive unsupported message type: Update(updateId=795267411, message=null, inlineQuery=null, chosenInlineQuery=null, callbackQuery=null, editedMessage=null, channelPost=null, editedChannelPost=null, shippingQuery=null, preCheckoutQuery=null, poll=null, pollAnswer=null, myChatMember=ChatMemberUpdated(chat=Chat(id=882397006, type=private, title=null, firstName=qq, lastName=null, userName=atwborqzboueqxnk, photo=null, description=null, inviteLink=null, pinnedMessage=null, stickerSetName=null, canSetStickerSet=null, permissions=null, slowModeDelay=null, bio=null, linkedChatId=null, location=null, messageAutoDeleteTime=null, hasPrivateForwards=null, HasProtectedContent=null, joinToSendMessages=null, joinByRequest=null), from=User(id=882397006, firstName=qq, isBot=false, lastName=null, userName=atwborqzboueqxnk, languageCode=ru, canJoinGroups=null, canReadAllGroupMessages=null, supportInlineQueries=null, isPremium=null, addedToAttachmentMenu=null), date=1711892623, oldChatMember=ChatMemberMember(status=member, user=User(id=7190126740, firstName=botSpring, isBot=true, lastName=null, userName=qqqMaoBot, languageCode=null, canJoinGroups=null, canReadAllGroupMessages=null, supportInlineQueries=null, isPremium=null, addedToAttachmentMenu=null)), newChatMember=ChatMemberBanned(status=kicked, user=User(id=7190126740, firstName=botSpring, isBot=true, lastName=null, userName=qqqMaoBot, languageCode=null, canJoinGroups=null, canReadAllGroupMessages=null, supportInlineQueries=null, isPremium=null, addedToAttachmentMenu=null), untilDate=0), inviteLink=null), chatMember=null, chatJoinRequest=null)
2024-03-31 16:43:44 ERROR UpdateProcessor:39 - Receive unsupported message type: Update(updateId=795267412, message=null, inlineQuery=null, chosenInlineQuery=null, callbackQuery=null, editedMessage=null, channelPost=null, editedChannelPost=null, shippingQuery=null, preCheckoutQuery=null, poll=null, pollAnswer=null, myChatMember=ChatMemberUpdated(chat=Chat(id=882397006, type=private, title=null, firstName=qq, lastName=null, userName=atwborqzboueqxnk, photo=null, description=null, inviteLink=null, pinnedMessage=null, stickerSetName=null, canSetStickerSet=null, permissions=null, slowModeDelay=null, bio=null, linkedChatId=null, location=null, messageAutoDeleteTime=null, hasPrivateForwards=null, HasProtectedContent=null, joinToSendMessages=null, joinByRequest=null), from=User(id=882397006, firstName=qq, isBot=false, lastName=null, userName=atwborqzboueqxnk, languageCode=ru, canJoinGroups=null, canReadAllGroupMessages=null, supportInlineQueries=null, isPremium=null, addedToAttachmentMenu=null), date=1711892624, oldChatMember=ChatMemberBanned(status=kicked, user=User(id=7190126740, firstName=botSpring, isBot=true, lastName=null, userName=qqqMaoBot, languageCode=null, canJoinGroups=null, canReadAllGroupMessages=null, supportInlineQueries=null, isPremium=null, addedToAttachmentMenu=null), untilDate=0), newChatMember=ChatMemberMember(status=member, user=User(id=7190126740, firstName=botSpring, isBot=true, lastName=null, userName=qqqMaoBot, languageCode=null, canJoinGroups=null, canReadAllGroupMessages=null, supportInlineQueries=null, isPremium=null, addedToAttachmentMenu=null)), inviteLink=null), chatMember=null, chatJoinRequest=null)
2024-03-31 16:43:44 DEBUG UpdateProducerImpl:21 - /start
2024-03-31 16:43:53 DEBUG UpdateProducerImpl:21 - 
2024-03-31 16:44:02 DEBUG UpdateProducerImpl:21 - /help
2024-03-31 16:44:04 DEBUG UpdateProducerImpl:21 - /registration
2024-03-31 16:44:28 DEBUG UpdateProducerImpl:21 - howedep996@ikumaru.com
2024-03-31 16:44:48 DEBUG UpdateProducerImpl:21 - 
